[debug] [2022-08-12T16:15:44.984Z] ----------------------------------------------------------------------
[debug] [2022-08-12T16:15:44.986Z] Command:       C:\Program Files (x86)\nodejs\node.exe C:\Users\el jefe\AppData\Roaming\npm\node_modules\firebase-tools\lib\bin\firebase.js init
[debug] [2022-08-12T16:15:44.986Z] CLI Version:   11.6.0
[debug] [2022-08-12T16:15:44.987Z] Platform:      win32
[debug] [2022-08-12T16:15:44.987Z] Node Version:  v16.15.0
[debug] [2022-08-12T16:15:44.988Z] Time:          Fri Aug 12 2022 11:15:44 GMT-0500 (hora de verano central)
[debug] [2022-08-12T16:15:44.988Z] ----------------------------------------------------------------------
[debug] 
[debug] [2022-08-12T16:15:44.996Z] > command requires scopes: ["email","openid","https://www.googleapis.com/auth/cloudplatformprojects.readonly","https://www.googleapis.com/auth/firebase","https://www.googleapis.com/auth/cloud-platform"]
[debug] [2022-08-12T16:15:44.997Z] > authorizing via signed-in user (joseantonio222xd@gmail.com)
[info] 
     ######## #### ########  ######## ########     ###     ######  ########
     ##        ##  ##     ## ##       ##     ##  ##   ##  ##       ##
     ######    ##  ########  ######   ########  #########  ######  ######
     ##        ##  ##    ##  ##       ##     ## ##     ##       ## ##
     ##       #### ##     ## ######## ########  ##     ##  ######  ########

You're about to initialize a Firebase project in this directory:

  C:\ProyectUni\Final\Tienda_Online

Before we get started, keep in mind:

  * You are currently outside your home directory

[info] 
=== Project Setup
[info] 
[info] First, let's associate this project directory with a Firebase project.
[info] You can create multiple project aliases by running firebase use --add, 
[info] but for now we'll just set up a default project.
[info] 
[debug] [2022-08-12T16:17:19.923Z] >>> [apiv2][query] GET https://firebase.googleapis.com/v1beta1/projects pageSize=100
[debug] [2022-08-12T16:17:20.896Z] <<< [apiv2][status] GET https://firebase.googleapis.com/v1beta1/projects 200
[debug] [2022-08-12T16:17:20.896Z] <<< [apiv2][body] GET https://firebase.googleapis.com/v1beta1/projects [omitted]
[info] i  Using project tiendaonline-a3a7c (TiendaOnline) 
[info] 
=== Hosting Setup
[info] 
[info] Your public directory is the folder (relative to your project directory) that
[info] will contain Hosting assets to be uploaded with firebase deploy. If you
[info] have a build process for your assets, use your build's output directory.
[info] 
[debug] [2022-08-12T16:17:44.579Z] >>> [apiv2][query] GET https://www.gstatic.com/firebasejs/releases.json [none]
[debug] [2022-08-12T16:17:45.106Z] <<< [apiv2][status] GET https://www.gstatic.com/firebasejs/releases.json 200
[debug] [2022-08-12T16:17:45.107Z] <<< [apiv2][body] GET https://www.gstatic.com/firebasejs/releases.json {"current":{"version":"9.9.2","browserURL":"https://www.gstatic.com/firebasejs/9.9.2/firebase.js","packageURL":"https://www.gstatic.com/firebasejs/9.9.2/firebase.tgz"},"live":{"version":"9.9","browserURL":"https://www.gstatic.com/firebasejs/live/9.9/firebase.js","packageURL":"https://www.gstatic.com/firebasejs/live/9.9/firebase.tgz"},"components":{"analytics":"https://www.gstatic.com/firebasejs/9.9.2/firebase-analytics.js","app":"https://www.gstatic.com/firebasejs/9.9.2/firebase-app.js","app-check":"https://www.gstatic.com/firebasejs/9.9.2/firebase-app-check.js","auth":"https://www.gstatic.com/firebasejs/9.9.2/firebase-auth.js","auth/cordova":"https://www.gstatic.com/firebasejs/9.9.2/firebase-auth/cordova.js","auth/react-native":"https://www.gstatic.com/firebasejs/9.9.2/firebase-auth/react-native.js","functions":"https://www.gstatic.com/firebasejs/9.9.2/firebase-functions.js","firestore":"https://www.gstatic.com/firebasejs/9.9.2/firebase-firestore.js","firestore/lite":"https://www.gstatic.com/firebasejs/9.9.2/firebase-firestore/lite.js","installations":"https://www.gstatic.com/firebasejs/9.9.2/firebase-installations.js","storage":"https://www.gstatic.com/firebasejs/9.9.2/firebase-storage.js","performance":"https://www.gstatic.com/firebasejs/9.9.2/firebase-performance.js","remote-config":"https://www.gstatic.com/firebasejs/9.9.2/firebase-remote-config.js","messaging":"https://www.gstatic.com/firebasejs/9.9.2/firebase-messaging.js","messaging/sw":"https://www.gstatic.com/firebasejs/9.9.2/firebase-messaging/sw.js","database":"https://www.gstatic.com/firebasejs/9.9.2/firebase-database.js","firestore.memory":"https://www.gstatic.com/firebasejs/9.9.2/firebase-firestore.memory.js"}}
[info] +  Wrote yes/index.html 
[info] 
[info] i  Detected a .git folder at C:\ProyectUni\Final\Tienda_Online 
[info] i  Authorizing with GitHub to upload your service account to a GitHub repository's secrets store. 
[info] 
[info] Visit this URL on this device to log in:
[info] https://github.com/login/oauth/authorize?client_id=89cf50f02ac6aaed3484&state=335700273&redirect_uri=http%3A%2F%2Flocalhost%3A9005&scope=read%3Auser%20repo%20public_repo
[info] 
[info] Waiting for authentication...
[debug] [2022-08-12T16:18:21.383Z] >>> [apiv2][query] POST https://github.com/login/oauth/access_token [none]
[debug] [2022-08-12T16:18:21.383Z] >>> [apiv2][body] POST https://github.com/login/oauth/access_token [stream]
[debug] [2022-08-12T16:18:21.988Z] <<< [apiv2][status] POST https://github.com/login/oauth/access_token 200
[debug] [2022-08-12T16:18:21.989Z] <<< [apiv2][body] POST https://github.com/login/oauth/access_token {"access_token":"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","token_type":"bearer","scope":"read:user,repo"}
[debug] [2022-08-12T16:18:22.000Z] >>> [apiv2][query] GET https://api.github.com/user [none]
[debug] [2022-08-12T16:18:22.429Z] <<< [apiv2][status] GET https://api.github.com/user 200
[debug] [2022-08-12T16:18:22.429Z] <<< [apiv2][body] GET https://api.github.com/user {"login":"an222xd","id":48102924,"node_id":"MDQ6VXNlcjQ4MTAyOTI0","avatar_url":"https://avatars.githubusercontent.com/u/48102924?v=4","gravatar_id":"","url":"https://api.github.com/users/an222xd","html_url":"https://github.com/an222xd","followers_url":"https://api.github.com/users/an222xd/followers","following_url":"https://api.github.com/users/an222xd/following{/other_user}","gists_url":"https://api.github.com/users/an222xd/gists{/gist_id}","starred_url":"https://api.github.com/users/an222xd/starred{/owner}{/repo}","subscriptions_url":"https://api.github.com/users/an222xd/subscriptions","organizations_url":"https://api.github.com/users/an222xd/orgs","repos_url":"https://api.github.com/users/an222xd/repos","events_url":"https://api.github.com/users/an222xd/events{/privacy}","received_events_url":"https://api.github.com/users/an222xd/received_events","type":"User","site_admin":false,"name":null,"company":null,"blog":"","location":null,"email":null,"hireable":null,"bio":null,"twitter_username":null,"public_repos":9,"public_gists":0,"followers":1,"following":1,"created_at":"2019-02-28T18:51:41Z","updated_at":"2022-08-02T16:05:53Z","private_gists":0,"total_private_repos":7,"owned_private_repos":7,"disk_usage":24570,"collaborators":6,"two_factor_authentication":false,"plan":{"name":"free","space":976562499,"collaborators":0,"private_repos":10000}}
[info] 
[info] +  Success! Logged into GitHub as an222xd 
[info] 
[debug] [2022-08-12T16:18:32.291Z] >>> [apiv2][query] GET https://api.github.com/repos//actions/secrets/public-key type=owner
[debug] [2022-08-12T16:18:33.048Z] <<< [apiv2][status] GET https://api.github.com/repos//actions/secrets/public-key 404
[debug] [2022-08-12T16:18:33.048Z] <<< [apiv2][body] GET https://api.github.com/repos//actions/secrets/public-key {"message":"Not Found","documentation_url":"https://docs.github.com/rest"}
[debug] [2022-08-12T16:18:41.908Z] >>> [apiv2][query] GET https://api.github.com/repos/yes'/actions/secrets/public-key type=owner
[debug] [2022-08-12T16:18:42.301Z] <<< [apiv2][status] GET https://api.github.com/repos/yes'/actions/secrets/public-key 404
[debug] [2022-08-12T16:18:42.301Z] <<< [apiv2][body] GET https://api.github.com/repos/yes'/actions/secrets/public-key {"message":"Not Found","documentation_url":"https://docs.github.com/rest"}
[debug] [2022-08-12T16:18:43.730Z] >>> [apiv2][query] GET https://api.github.com/repos/yes/actions/secrets/public-key type=owner
[debug] [2022-08-12T16:18:44.099Z] <<< [apiv2][status] GET https://api.github.com/repos/yes/actions/secrets/public-key 404
[debug] [2022-08-12T16:18:44.099Z] <<< [apiv2][body] GET https://api.github.com/repos/yes/actions/secrets/public-key {"message":"Not Found","documentation_url":"https://docs.github.com/rest"}
[debug] [2022-08-12T16:21:57.439Z] >>> [apiv2][query] GET https://api.github.com/repos/an222xd/frontGame/actions/secrets/public-key type=owner
[debug] [2022-08-12T16:21:59.965Z] <<< [apiv2][status] GET https://api.github.com/repos/an222xd/frontGame/actions/secrets/public-key 404
[debug] [2022-08-12T16:21:59.968Z] <<< [apiv2][body] GET https://api.github.com/repos/an222xd/frontGame/actions/secrets/public-key {"message":"Not Found","documentation_url":"https://docs.github.com/rest/reference/actions#get-a-repository-public-key"}
